<?xml version="1.0" encoding="UTF-8"?>
<!-- Generated by org.testng.reporters.JUnitReportReporter -->
<testsuite hostname="user-PC" failures="0" tests="1" name="com.Actitime.LoginPageTestCases" time="18.626" errors="0" timestamp="2022-12-01T00:00:15 IST" skipped="0">
  <testcase classname="com.Actitime.LoginPageTestCases" name="verifyLogin" time="18.626"/>
  <system-out/>
</testsuite> <!-- com.Actitime.LoginPageTestCases -->
