<?xml version="1.0" encoding="UTF-8"?>
<!-- Generated by org.testng.reporters.JUnitReportReporter -->
<testsuite hostname="user-PC" failures="0" tests="1" name="com.AgileCrmAutomation.DealsExcel" time="26.424" errors="0" timestamp="2022-10-04T19:24:14 IST" skipped="0">
  <testcase classname="com.AgileCrmAutomation.DealsExcel" name="dealsExcel" time="26.424"/>
  <system-out/>
</testsuite> <!-- com.AgileCrmAutomation.DealsExcel -->
