<?xml version="1.0" encoding="UTF-8"?>
<!-- Generated by org.testng.reporters.JUnitReportReporter -->
<testsuite hostname="user-PC" failures="0" tests="2" name="com.AgileCrmAutomation.ExcelUtil" time="2.966" errors="0" timestamp="2022-10-04T15:32:27 IST" skipped="0">
  <testcase classname="com.AgileCrmAutomation.ExcelUtil" name="main" time="2.448"/>
  <system-out/>
  <testcase classname="com.AgileCrmAutomation.ExcelUtil" name="writeIntoSheet" time="0.518"/>
  <system-out/>
</testsuite> <!-- com.AgileCrmAutomation.ExcelUtil -->
