<?xml version="1.0" encoding="UTF-8"?>
<!-- Generated by org.testng.reporters.JUnitReportReporter -->
<testsuite hostname="user-PC" failures="0" tests="1" name="com.AgileCrmAutomation.ContactsExcel" time="33.524" errors="0" timestamp="2022-10-05T13:18:12 IST" skipped="0">
  <testcase classname="com.AgileCrmAutomation.ContactsExcel" name="dealsExcel" time="33.524"/>
  <system-out/>
</testsuite> <!-- com.AgileCrmAutomation.ContactsExcel -->
